<?xml version="1.0" encoding="UTF-8"?>
<!-- Generated by org.testng.reporters.JUnitReportReporter -->
<testsuite skipped="0" hostname="DESKTOP-5O5AE1I" name="paraTestClass.ParaTestScript" tests="1" failures="0" timestamp="04 Apr 2023 10:51:56 GMT" time="5.188" errors="0">
  <testcase name="RegistrationData" time="5.188" classname="paraTestClass.ParaTestScript"/>
</testsuite> <!-- paraTestClass.ParaTestScript -->
