<?xml version="1.0" encoding="UTF-8"?>
<!-- Generated by org.testng.reporters.JUnitReportReporter -->
<testsuite skipped="0" hostname="DESKTOP-5O5AE1I" name="paraTestClass.ParaTestScript2" tests="5" failures="0" timestamp="2023-04-04T18:19:25 IST" time="18.800" errors="0">
  <testcase name="RegistrationData" time="2.681" classname="paraTestClass.ParaTestScript2"/>
  <system-out/>
  <testcase name="RegistrationData" time="6.734" classname="paraTestClass.ParaTestScript2"/>
  <system-out/>
  <testcase name="RegistrationData" time="3.221" classname="paraTestClass.ParaTestScript2"/>
  <system-out/>
  <testcase name="RegistrationData" time="3.081" classname="paraTestClass.ParaTestScript2"/>
  <system-out/>
  <testcase name="RegistrationData" time="3.083" classname="paraTestClass.ParaTestScript2"/>
  <system-out/>
</testsuite> <!-- paraTestClass.ParaTestScript2 -->
